<?xml version="1.0" encoding="UTF-8"?>
<testsuite xmlns:xsi="http://www.w3.org/2001/XMLSchema-instance" xsi:noNamespaceSchemaLocation="https://maven.apache.org/surefire/maven-surefire-plugin/xsd/surefire-test-report-3.0.xsd" version="3.0" name="com.senai.controleestoque.ControleestoqueApplicationTests" time="2.091" tests="1" errors="0" skipped="0" failures="0">
  <properties>
[...]
</properties>
  <testcase name="contextLoads" classname="com.senai.controleestoque.ControleestoqueApplicationTests" time="0.641">
    <system-out><![CDATA[19:44:21.139 [main] INFO org.springframework.test.context.support.AnnotationConfigContextLoaderUtils -- Could not detect default configuration classes for test class [com.senai.controleestoque.ControleestoqueApplicationTests]: ControleestoqueApplicationTests does not declare any static, non-private, non-final, nested classes annotated with @Configuration.
19:44:21.218 [main] INFO org.springframework.boot.test.context.SpringBootTestContextBootstrapper -- Found @SpringBootConfiguration com.senai.controleestoque.ControleestoqueApplication for test class com.senai.controleestoque.ControleestoqueApplicationTests

  .   ____          _            __ _ _
 /\\ / ___'_ __ _ _(_)_ __  __ _ \ \ \ \
( ( )\___ | '_ | '_| | '_ \/ _` | \ \ \ \
 \\/  ___)| |_)| | | | | || (_| |  ) ) ) )
  '  |____| .__|_| |_|_| |_\__, | / / / /
 =========|_|==============|___/=/_/_/_/

 :: Spring Boot ::                (v3.3.3)

2024-09-17T19:44:21.535-03:00  INFO 10352 --- [controleestoque] [           main] c.s.c.ControleestoqueApplicationTests    : Starting ControleestoqueApplicationTests using Java 20 with PID 10352 (started by pedro_h_da-silveira in C:\Users\pedro_h_da-silveira\Downloads\controleestoque\controleestoque)
2024-09-17T19:44:21.537-03:00  INFO 10352 --- [controleestoque] [           main] c.s.c.ControleestoqueApplicationTests    : No active profile set, falling back to 1 default profile: "default"
2024-09-17T19:44:22.445-03:00  INFO 10352 --- [controleestoque] [           main] c.s.c.ControleestoqueApplicationTests    : Started ControleestoqueApplicationTests in 1.112 seconds (process running for 1.845)
]]></system-out>
  </testcase>
</testsuite>